  LaneDetection.cpp
d:\project\multild\multild\opencv\include\opencv2\ts\ts_gtest.h(9749): warning C4996: 'std::tr1': warning STL4002: The non-Standard std::tr1 namespace and TR1-only machinery are deprecated and will be REMOVED. You can define _SILENCE_TR1_NAMESPACE_DEPRECATION_WARNING to acknowledge that you have received this warning.
  c:\program files (x86)\microsoft visual studio\2017\community\vc\tools\msvc\14.16.27023\include\tuple(1333): note: 'std::tr1' 선언을 참조하십시오.
d:\project\multild\multild\opencv\include\opencv2\ts\ts_gtest.h(9754): warning C4996: 'std::tr1': warning STL4002: The non-Standard std::tr1 namespace and TR1-only machinery are deprecated and will be REMOVED. You can define _SILENCE_TR1_NAMESPACE_DEPRECATION_WARNING to acknowledge that you have received this warning.
  c:\program files (x86)\microsoft visual studio\2017\community\vc\tools\msvc\14.16.27023\include\tuple(1333): note: 'std::tr1' 선언을 참조하십시오.
d:\project\multild\multild\opencv\include\opencv2\ts\ts_gtest.h(9759): warning C4996: 'std::tr1': warning STL4002: The non-Standard std::tr1 namespace and TR1-only machinery are deprecated and will be REMOVED. You can define _SILENCE_TR1_NAMESPACE_DEPRECATION_WARNING to acknowledge that you have received this warning.
  c:\program files (x86)\microsoft visual studio\2017\community\vc\tools\msvc\14.16.27023\include\tuple(1333): note: 'std::tr1' 선언을 참조하십시오.
d:\project\multild\multild\opencv\include\opencv2\ts\ts_gtest.h(9764): warning C4996: 'std::tr1': warning STL4002: The non-Standard std::tr1 namespace and TR1-only machinery are deprecated and will be REMOVED. You can define _SILENCE_TR1_NAMESPACE_DEPRECATION_WARNING to acknowledge that you have received this warning.
  c:\program files (x86)\microsoft visual studio\2017\community\vc\tools\msvc\14.16.27023\include\tuple(1333): note: 'std::tr1' 선언을 참조하십시오.
d:\project\multild\multild\opencv\include\opencv2\ts\ts_gtest.h(9769): warning C4996: 'std::tr1': warning STL4002: The non-Standard std::tr1 namespace and TR1-only machinery are deprecated and will be REMOVED. You can define _SILENCE_TR1_NAMESPACE_DEPRECATION_WARNING to acknowledge that you have received this warning.
  c:\program files (x86)\microsoft visual studio\2017\community\vc\tools\msvc\14.16.27023\include\tuple(1333): note: 'std::tr1' 선언을 참조하십시오.
d:\project\multild\multild\opencv\include\opencv2\ts\ts_gtest.h(9774): warning C4996: 'std::tr1': warning STL4002: The non-Standard std::tr1 namespace and TR1-only machinery are deprecated and will be REMOVED. You can define _SILENCE_TR1_NAMESPACE_DEPRECATION_WARNING to acknowledge that you have received this warning.
  c:\program files (x86)\microsoft visual studio\2017\community\vc\tools\msvc\14.16.27023\include\tuple(1333): note: 'std::tr1' 선언을 참조하십시오.
d:\project\multild\multild\opencv\include\opencv2\ts\ts_gtest.h(9781): warning C4996: 'std::tr1': warning STL4002: The non-Standard std::tr1 namespace and TR1-only machinery are deprecated and will be REMOVED. You can define _SILENCE_TR1_NAMESPACE_DEPRECATION_WARNING to acknowledge that you have received this warning.
  c:\program files (x86)\microsoft visual studio\2017\community\vc\tools\msvc\14.16.27023\include\tuple(1333): note: 'std::tr1' 선언을 참조하십시오.
d:\project\multild\multild\opencv\include\opencv2\ts\ts_gtest.h(9788): warning C4996: 'std::tr1': warning STL4002: The non-Standard std::tr1 namespace and TR1-only machinery are deprecated and will be REMOVED. You can define _SILENCE_TR1_NAMESPACE_DEPRECATION_WARNING to acknowledge that you have received this warning.
  c:\program files (x86)\microsoft visual studio\2017\community\vc\tools\msvc\14.16.27023\include\tuple(1333): note: 'std::tr1' 선언을 참조하십시오.
d:\project\multild\multild\opencv\include\opencv2\ts\ts_gtest.h(9795): warning C4996: 'std::tr1': warning STL4002: The non-Standard std::tr1 namespace and TR1-only machinery are deprecated and will be REMOVED. You can define _SILENCE_TR1_NAMESPACE_DEPRECATION_WARNING to acknowledge that you have received this warning.
  c:\program files (x86)\microsoft visual studio\2017\community\vc\tools\msvc\14.16.27023\include\tuple(1333): note: 'std::tr1' 선언을 참조하십시오.
d:\project\multild\multild\opencv\include\opencv2\ts\ts_gtest.h(9802): warning C4996: 'std::tr1': warning STL4002: The non-Standard std::tr1 namespace and TR1-only machinery are deprecated and will be REMOVED. You can define _SILENCE_TR1_NAMESPACE_DEPRECATION_WARNING to acknowledge that you have received this warning.
  c:\program files (x86)\microsoft visual studio\2017\community\vc\tools\msvc\14.16.27023\include\tuple(1333): note: 'std::tr1' 선언을 참조하십시오.
d:\project\multild\multild\opencv\include\opencv2\ts\ts_gtest.h(9810): warning C4996: 'std::tr1': warning STL4002: The non-Standard std::tr1 namespace and TR1-only machinery are deprecated and will be REMOVED. You can define _SILENCE_TR1_NAMESPACE_DEPRECATION_WARNING to acknowledge that you have received this warning.
  c:\program files (x86)\microsoft visual studio\2017\community\vc\tools\msvc\14.16.27023\include\tuple(1333): note: 'std::tr1' 선언을 참조하십시오.
d:\project\multild\multild\opencv\include\opencv2\ts\ts_gtest.h(10072): warning C4996: 'std::tr1': warning STL4002: The non-Standard std::tr1 namespace and TR1-only machinery are deprecated and will be REMOVED. You can define _SILENCE_TR1_NAMESPACE_DEPRECATION_WARNING to acknowledge that you have received this warning.
  c:\program files (x86)\microsoft visual studio\2017\community\vc\tools\msvc\14.16.27023\include\tuple(1333): note: 'std::tr1' 선언을 참조하십시오.
  d:\project\multild\multild\opencv\include\opencv2\ts\ts_gtest.h(10072): note: 이 진단은 컴파일러 생성 함수 'void testing::internal::TuplePrefixPrinter<1>::TersePrintPrefixToStrings(const Tuple &,testing::internal::Strings *)'에서 수행되었습니다.
d:\project\multild\multild\opencv\include\opencv2\ts\ts_gtest.h(13837): warning C4996: 'std::tr1': warning STL4002: The non-Standard std::tr1 namespace and TR1-only machinery are deprecated and will be REMOVED. You can define _SILENCE_TR1_NAMESPACE_DEPRECATION_WARNING to acknowledge that you have received this warning.
  c:\program files (x86)\microsoft visual studio\2017\community\vc\tools\msvc\14.16.27023\include\tuple(1333): note: 'std::tr1' 선언을 참조하십시오.
  d:\project\multild\multild\opencv\include\opencv2\ts\ts_gtest.h(13947): note: 컴파일 중인 클래스 템플릿 인스턴스화 'testing::internal::CartesianProductGenerator2<T1,T2>'에 대한 참조를 확인하세요.
d:\project\multild\multild\opencv\include\opencv2\ts\ts_gtest.h(13839): warning C4996: 'std::tr1': warning STL4002: The non-Standard std::tr1 namespace and TR1-only machinery are deprecated and will be REMOVED. You can define _SILENCE_TR1_NAMESPACE_DEPRECATION_WARNING to acknowledge that you have received this warning.
  c:\program files (x86)\microsoft visual studio\2017\community\vc\tools\msvc\14.16.27023\include\tuple(1333): note: 'std::tr1' 선언을 참조하십시오.
d:\project\multild\multild\opencv\include\opencv2\ts\ts_gtest.h(13952): warning C4996: 'std::tr1': warning STL4002: The non-Standard std::tr1 namespace and TR1-only machinery are deprecated and will be REMOVED. You can define _SILENCE_TR1_NAMESPACE_DEPRECATION_WARNING to acknowledge that you have received this warning.
  c:\program files (x86)\microsoft visual studio\2017\community\vc\tools\msvc\14.16.27023\include\tuple(1333): note: 'std::tr1' 선언을 참조하십시오.
  d:\project\multild\multild\opencv\include\opencv2\ts\ts_gtest.h(14079): note: 컴파일 중인 클래스 템플릿 인스턴스화 'testing::internal::CartesianProductGenerator3<T1,T2,T3>'에 대한 참조를 확인하세요.
d:\project\multild\multild\opencv\include\opencv2\ts\ts_gtest.h(13954): warning C4996: 'std::tr1': warning STL4002: The non-Standard std::tr1 namespace and TR1-only machinery are deprecated and will be REMOVED. You can define _SILENCE_TR1_NAMESPACE_DEPRECATION_WARNING to acknowledge that you have received this warning.
  c:\program files (x86)\microsoft visual studio\2017\community\vc\tools\msvc\14.16.27023\include\tuple(1333): note: 'std::tr1' 선언을 참조하십시오.
d:\project\multild\multild\opencv\include\opencv2\ts\ts_gtest.h(14084): warning C4996: 'std::tr1': warning STL4002: The non-Standard std::tr1 namespace and TR1-only machinery are deprecated and will be REMOVED. You can define _SILENCE_TR1_NAMESPACE_DEPRECATION_WARNING to acknowledge that you have received this warning.
  c:\program files (x86)\microsoft visual studio\2017\community\vc\tools\msvc\14.16.27023\include\tuple(1333): note: 'std::tr1' 선언을 참조하십시오.
  d:\project\multild\multild\opencv\include\opencv2\ts\ts_gtest.h(14230): note: 컴파일 중인 클래스 템플릿 인스턴스화 'testing::internal::CartesianProductGenerator4<T1,T2,T3,T4>'에 대한 참조를 확인하세요.
d:\project\multild\multild\opencv\include\opencv2\ts\ts_gtest.h(14086): warning C4996: 'std::tr1': warning STL4002: The non-Standard std::tr1 namespace and TR1-only machinery are deprecated and will be REMOVED. You can define _SILENCE_TR1_NAMESPACE_DEPRECATION_WARNING to acknowledge that you have received this warning.
  c:\program files (x86)\microsoft visual studio\2017\community\vc\tools\msvc\14.16.27023\include\tuple(1333): note: 'std::tr1' 선언을 참조하십시오.
d:\project\multild\multild\opencv\include\opencv2\ts\ts_gtest.h(14235): warning C4996: 'std::tr1': warning STL4002: The non-Standard std::tr1 namespace and TR1-only machinery are deprecated and will be REMOVED. You can define _SILENCE_TR1_NAMESPACE_DEPRECATION_WARNING to acknowledge that you have received this warning.
  c:\program files (x86)\microsoft visual studio\2017\community\vc\tools\msvc\14.16.27023\include\tuple(1333): note: 'std::tr1' 선언을 참조하십시오.
  d:\project\multild\multild\opencv\include\opencv2\ts\ts_gtest.h(14397): note: 컴파일 중인 클래스 템플릿 인스턴스화 'testing::internal::CartesianProductGenerator5<T1,T2,T3,T4,T5>'에 대한 참조를 확인하세요.
d:\project\multild\multild\opencv\include\opencv2\ts\ts_gtest.h(14237): warning C4996: 'std::tr1': warning STL4002: The non-Standard std::tr1 namespace and TR1-only machinery are deprecated and will be REMOVED. You can define _SILENCE_TR1_NAMESPACE_DEPRECATION_WARNING to acknowledge that you have received this warning.
  c:\program files (x86)\microsoft visual studio\2017\community\vc\tools\msvc\14.16.27023\include\tuple(1333): note: 'std::tr1' 선언을 참조하십시오.
d:\project\multild\multild\opencv\include\opencv2\ts\ts_gtest.h(14404): warning C4996: 'std::tr1': warning STL4002: The non-Standard std::tr1 namespace and TR1-only machinery are deprecated and will be REMOVED. You can define _SILENCE_TR1_NAMESPACE_DEPRECATION_WARNING to acknowledge that you have received this warning.
  c:\program files (x86)\microsoft visual studio\2017\community\vc\tools\msvc\14.16.27023\include\tuple(1333): note: 'std::tr1' 선언을 참조하십시오.
  d:\project\multild\multild\opencv\include\opencv2\ts\ts_gtest.h(14583): note: 컴파일 중인 클래스 템플릿 인스턴스화 'testing::internal::CartesianProductGenerator6<T1,T2,T3,T4,T5,T6>'에 대한 참조를 확인하세요.
d:\project\multild\multild\opencv\include\opencv2\ts\ts_gtest.h(14406): warning C4996: 'std::tr1': warning STL4002: The non-Standard std::tr1 namespace and TR1-only machinery are deprecated and will be REMOVED. You can define _SILENCE_TR1_NAMESPACE_DEPRECATION_WARNING to acknowledge that you have received this warning.
  c:\program files (x86)\microsoft visual studio\2017\community\vc\tools\msvc\14.16.27023\include\tuple(1333): note: 'std::tr1' 선언을 참조하십시오.
d:\project\multild\multild\opencv\include\opencv2\ts\ts_gtest.h(14590): warning C4996: 'std::tr1': warning STL4002: The non-Standard std::tr1 namespace and TR1-only machinery are deprecated and will be REMOVED. You can define _SILENCE_TR1_NAMESPACE_DEPRECATION_WARNING to acknowledge that you have received this warning.
  c:\program files (x86)\microsoft visual studio\2017\community\vc\tools\msvc\14.16.27023\include\tuple(1333): note: 'std::tr1' 선언을 참조하십시오.
  d:\project\multild\multild\opencv\include\opencv2\ts\ts_gtest.h(14786): note: 컴파일 중인 클래스 템플릿 인스턴스화 'testing::internal::CartesianProductGenerator7<T1,T2,T3,T4,T5,T6,T7>'에 대한 참조를 확인하세요.
d:\project\multild\multild\opencv\include\opencv2\ts\ts_gtest.h(14592): warning C4996: 'std::tr1': warning STL4002: The non-Standard std::tr1 namespace and TR1-only machinery are deprecated and will be REMOVED. You can define _SILENCE_TR1_NAMESPACE_DEPRECATION_WARNING to acknowledge that you have received this warning.
  c:\program files (x86)\microsoft visual studio\2017\community\vc\tools\msvc\14.16.27023\include\tuple(1333): note: 'std::tr1' 선언을 참조하십시오.
d:\project\multild\multild\opencv\include\opencv2\ts\ts_gtest.h(14793): warning C4996: 'std::tr1': warning STL4002: The non-Standard std::tr1 namespace and TR1-only machinery are deprecated and will be REMOVED. You can define _SILENCE_TR1_NAMESPACE_DEPRECATION_WARNING to acknowledge that you have received this warning.
  c:\program files (x86)\microsoft visual studio\2017\community\vc\tools\msvc\14.16.27023\include\tuple(1333): note: 'std::tr1' 선언을 참조하십시오.
  d:\project\multild\multild\opencv\include\opencv2\ts\ts_gtest.h(15008): note: 컴파일 중인 클래스 템플릿 인스턴스화 'testing::internal::CartesianProductGenerator8<T1,T2,T3,T4,T5,T6,T7,T8>'에 대한 참조를 확인하세요.
d:\project\multild\multild\opencv\include\opencv2\ts\ts_gtest.h(14795): warning C4996: 'std::tr1': warning STL4002: The non-Standard std::tr1 namespace and TR1-only machinery are deprecated and will be REMOVED. You can define _SILENCE_TR1_NAMESPACE_DEPRECATION_WARNING to acknowledge that you have received this warning.
  c:\program files (x86)\microsoft visual studio\2017\community\vc\tools\msvc\14.16.27023\include\tuple(1333): note: 'std::tr1' 선언을 참조하십시오.
d:\project\multild\multild\opencv\include\opencv2\ts\ts_gtest.h(15015): warning C4996: 'std::tr1': warning STL4002: The non-Standard std::tr1 namespace and TR1-only machinery are deprecated and will be REMOVED. You can define _SILENCE_TR1_NAMESPACE_DEPRECATION_WARNING to acknowledge that you have received this warning.
  c:\program files (x86)\microsoft visual studio\2017\community\vc\tools\msvc\14.16.27023\include\tuple(1333): note: 'std::tr1' 선언을 참조하십시오.
  d:\project\multild\multild\opencv\include\opencv2\ts\ts_gtest.h(15247): note: 컴파일 중인 클래스 템플릿 인스턴스화 'testing::internal::CartesianProductGenerator9<T1,T2,T3,T4,T5,T6,T7,T8,T9>'에 대한 참조를 확인하세요.
d:\project\multild\multild\opencv\include\opencv2\ts\ts_gtest.h(15017): warning C4996: 'std::tr1': warning STL4002: The non-Standard std::tr1 namespace and TR1-only machinery are deprecated and will be REMOVED. You can define _SILENCE_TR1_NAMESPACE_DEPRECATION_WARNING to acknowledge that you have received this warning.
  c:\program files (x86)\microsoft visual studio\2017\community\vc\tools\msvc\14.16.27023\include\tuple(1333): note: 'std::tr1' 선언을 참조하십시오.
d:\project\multild\multild\opencv\include\opencv2\ts\ts_gtest.h(15254): warning C4996: 'std::tr1': warning STL4002: The non-Standard std::tr1 namespace and TR1-only machinery are deprecated and will be REMOVED. You can define _SILENCE_TR1_NAMESPACE_DEPRECATION_WARNING to acknowledge that you have received this warning.
  c:\program files (x86)\microsoft visual studio\2017\community\vc\tools\msvc\14.16.27023\include\tuple(1333): note: 'std::tr1' 선언을 참조하십시오.
  d:\project\multild\multild\opencv\include\opencv2\ts\ts_gtest.h(15503): note: 컴파일 중인 클래스 템플릿 인스턴스화 'testing::internal::CartesianProductGenerator10<T1,T2,T3,T4,T5,T6,T7,T8,T9,T10>'에 대한 참조를 확인하세요.
d:\project\multild\multild\opencv\include\opencv2\ts\ts_gtest.h(15256): warning C4996: 'std::tr1': warning STL4002: The non-Standard std::tr1 namespace and TR1-only machinery are deprecated and will be REMOVED. You can define _SILENCE_TR1_NAMESPACE_DEPRECATION_WARNING to acknowledge that you have received this warning.
  c:\program files (x86)\microsoft visual studio\2017\community\vc\tools\msvc\14.16.27023\include\tuple(1333): note: 'std::tr1' 선언을 참조하십시오.
d:\project\multild\multild\opencv\include\opencv2\ts\ts_gtest.h(15518): warning C4996: 'std::tr1': warning STL4002: The non-Standard std::tr1 namespace and TR1-only machinery are deprecated and will be REMOVED. You can define _SILENCE_TR1_NAMESPACE_DEPRECATION_WARNING to acknowledge that you have received this warning.
  c:\program files (x86)\microsoft visual studio\2017\community\vc\tools\msvc\14.16.27023\include\tuple(1333): note: 'std::tr1' 선언을 참조하십시오.
  d:\project\multild\multild\opencv\include\opencv2\ts\ts_gtest.h(15531): note: 컴파일 중인 클래스 템플릿 인스턴스화 'testing::internal::CartesianProductHolder2<Generator1,Generator2>'에 대한 참조를 확인하세요.
d:\project\multild\multild\opencv\include\opencv2\ts\ts_gtest.h(15540): warning C4996: 'std::tr1': warning STL4002: The non-Standard std::tr1 namespace and TR1-only machinery are deprecated and will be REMOVED. You can define _SILENCE_TR1_NAMESPACE_DEPRECATION_WARNING to acknowledge that you have received this warning.
  c:\program files (x86)\microsoft visual studio\2017\community\vc\tools\msvc\14.16.27023\include\tuple(1333): note: 'std::tr1' 선언을 참조하십시오.
  d:\project\multild\multild\opencv\include\opencv2\ts\ts_gtest.h(15555): note: 컴파일 중인 클래스 템플릿 인스턴스화 'testing::internal::CartesianProductHolder3<Generator1,Generator2,Generator3>'에 대한 참조를 확인하세요.
d:\project\multild\multild\opencv\include\opencv2\ts\ts_gtest.h(15565): warning C4996: 'std::tr1': warning STL4002: The non-Standard std::tr1 namespace and TR1-only machinery are deprecated and will be REMOVED. You can define _SILENCE_TR1_NAMESPACE_DEPRECATION_WARNING to acknowledge that you have received this warning.
  c:\program files (x86)\microsoft visual studio\2017\community\vc\tools\msvc\14.16.27023\include\tuple(1333): note: 'std::tr1' 선언을 참조하십시오.
  d:\project\multild\multild\opencv\include\opencv2\ts\ts_gtest.h(15582): note: 컴파일 중인 클래스 템플릿 인스턴스화 'testing::internal::CartesianProductHolder4<Generator1,Generator2,Generator3,Generator4>'에 대한 참조를 확인하세요.
d:\project\multild\multild\opencv\include\opencv2\ts\ts_gtest.h(15592): warning C4996: 'std::tr1': warning STL4002: The non-Standard std::tr1 namespace and TR1-only machinery are deprecated and will be REMOVED. You can define _SILENCE_TR1_NAMESPACE_DEPRECATION_WARNING to acknowledge that you have received this warning.
  c:\program files (x86)\microsoft visual studio\2017\community\vc\tools\msvc\14.16.27023\include\tuple(1333): note: 'std::tr1' 선언을 참조하십시오.
  d:\project\multild\multild\opencv\include\opencv2\ts\ts_gtest.h(15611): note: 컴파일 중인 클래스 템플릿 인스턴스화 'testing::internal::CartesianProductHolder5<Generator1,Generator2,Generator3,Generator4,Generator5>'에 대한 참조를 확인하세요.
d:\project\multild\multild\opencv\include\opencv2\ts\ts_gtest.h(15623): warning C4996: 'std::tr1': warning STL4002: The non-Standard std::tr1 namespace and TR1-only machinery are deprecated and will be REMOVED. You can define _SILENCE_TR1_NAMESPACE_DEPRECATION_WARNING to acknowledge that you have received this warning.
  c:\program files (x86)\microsoft visual studio\2017\community\vc\tools\msvc\14.16.27023\include\tuple(1333): note: 'std::tr1' 선언을 참조하십시오.
  d:\project\multild\multild\opencv\include\opencv2\ts\ts_gtest.h(15644): note: 컴파일 중인 클래스 템플릿 인스턴스화 'testing::internal::CartesianProductHolder6<Generator1,Generator2,Generator3,Generator4,Generator5,Generator6>'에 대한 참조를 확인하세요.
d:\project\multild\multild\opencv\include\opencv2\ts\ts_gtest.h(15657): warning C4996: 'std::tr1': warning STL4002: The non-Standard std::tr1 namespace and TR1-only machinery are deprecated and will be REMOVED. You can define _SILENCE_TR1_NAMESPACE_DEPRECATION_WARNING to acknowledge that you have received this warning.
  c:\program files (x86)\microsoft visual studio\2017\community\vc\tools\msvc\14.16.27023\include\tuple(1333): note: 'std::tr1' 선언을 참조하십시오.
  d:\project\multild\multild\opencv\include\opencv2\ts\ts_gtest.h(15680): note: 컴파일 중인 클래스 템플릿 인스턴스화 'testing::internal::CartesianProductHolder7<Generator1,Generator2,Generator3,Generator4,Generator5,Generator6,Generator7>'에 대한 참조를 확인하세요.
d:\project\multild\multild\opencv\include\opencv2\ts\ts_gtest.h(15695): warning C4996: 'std::tr1': warning STL4002: The non-Standard std::tr1 namespace and TR1-only machinery are deprecated and will be REMOVED. You can define _SILENCE_TR1_NAMESPACE_DEPRECATION_WARNING to acknowledge that you have received this warning.
  c:\program files (x86)\microsoft visual studio\2017\community\vc\tools\msvc\14.16.27023\include\tuple(1333): note: 'std::tr1' 선언을 참조하십시오.
  d:\project\multild\multild\opencv\include\opencv2\ts\ts_gtest.h(15720): note: 컴파일 중인 클래스 템플릿 인스턴스화 'testing::internal::CartesianProductHolder8<Generator1,Generator2,Generator3,Generator4,Generator5,Generator6,Generator7,Generator8>'에 대한 참조를 확인하세요.
d:\project\multild\multild\opencv\include\opencv2\ts\ts_gtest.h(15736): warning C4996: 'std::tr1': warning STL4002: The non-Standard std::tr1 namespace and TR1-only machinery are deprecated and will be REMOVED. You can define _SILENCE_TR1_NAMESPACE_DEPRECATION_WARNING to acknowledge that you have received this warning.
  c:\program files (x86)\microsoft visual studio\2017\community\vc\tools\msvc\14.16.27023\include\tuple(1333): note: 'std::tr1' 선언을 참조하십시오.
  d:\project\multild\multild\opencv\include\opencv2\ts\ts_gtest.h(15764): note: 컴파일 중인 클래스 템플릿 인스턴스화 'testing::internal::CartesianProductHolder9<Generator1,Generator2,Generator3,Generator4,Generator5,Generator6,Generator7,Generator8,Generator9>'에 대한 참조를 확인하세요.
d:\project\multild\multild\opencv\include\opencv2\ts\ts_gtest.h(15780): warning C4996: 'std::tr1': warning STL4002: The non-Standard std::tr1 namespace and TR1-only machinery are deprecated and will be REMOVED. You can define _SILENCE_TR1_NAMESPACE_DEPRECATION_WARNING to acknowledge that you have received this warning.
  c:\program files (x86)\microsoft visual studio\2017\community\vc\tools\msvc\14.16.27023\include\tuple(1333): note: 'std::tr1' 선언을 참조하십시오.
  d:\project\multild\multild\opencv\include\opencv2\ts\ts_gtest.h(15811): note: 컴파일 중인 클래스 템플릿 인스턴스화 'testing::internal::CartesianProductHolder10<Generator1,Generator2,Generator3,Generator4,Generator5,Generator6,Generator7,Generator8,Generator9,Generator10>'에 대한 참조를 확인하세요.
d:\project\multild\multild\opencv\include\opencv2\ts\ts_perf.hpp(419): warning C4996: 'std::tr1': warning STL4002: The non-Standard std::tr1 namespace and TR1-only machinery are deprecated and will be REMOVED. You can define _SILENCE_TR1_NAMESPACE_DEPRECATION_WARNING to acknowledge that you have received this warning.
  c:\program files (x86)\microsoft visual studio\2017\community\vc\tools\msvc\14.16.27023\include\tuple(1333): note: 'std::tr1' 선언을 참조하십시오.
d:\project\multild\multild\lanedetection.cpp(221): warning C4244: '=': 'int'에서 '_Tp'(으)로 변환하면서 데이터가 손실될 수 있습니다.
          with
          [
              _Tp=float
          ]
d:\project\multild\multild\lanedetection.cpp(222): warning C4244: '=': '_Tp'에서 '_Tp'(으)로 변환하면서 데이터가 손실될 수 있습니다.
          with
          [
              _Tp=int
          ]
          and
          [
              _Tp=float
          ]
d:\project\multild\multild\lanedetection.cpp(277): warning C4267: '초기화 중': 'size_t'에서 'int'(으)로 변환하면서 데이터가 손실될 수 있습니다.
d:\project\multild\multild\lanedetection.cpp(288): warning C4244: '=': 'double'에서 'float'(으)로 변환하면서 데이터가 손실될 수 있습니다.
d:\project\multild\multild\lanedetection.cpp(324): warning C4267: '=': 'size_t'에서 'int'(으)로 변환하면서 데이터가 손실될 수 있습니다.
d:\project\multild\multild\lanedetection.cpp(387): warning C4267: '초기화 중': 'size_t'에서 'int'(으)로 변환하면서 데이터가 손실될 수 있습니다.
d:\project\multild\multild\lanedetection.cpp(448): warning C4267: '=': 'size_t'에서 'int'(으)로 변환하면서 데이터가 손실될 수 있습니다.
d:\project\multild\multild\lanedetection.cpp(493): warning C4244: '=': '_Tp'에서 'int'(으)로 변환하면서 데이터가 손실될 수 있습니다.
          with
          [
              _Tp=float
          ]
d:\project\multild\multild\lanedetection.cpp(516): warning C4267: '=': 'size_t'에서 'int'(으)로 변환하면서 데이터가 손실될 수 있습니다.
d:\project\multild\multild\lanedetection.cpp(356): warning C4101: 'b' :참조되지 않은 지역 변수입니다.
d:\project\multild\multild\lanedetection.cpp(356): warning C4101: 'g' :참조되지 않은 지역 변수입니다.
d:\project\multild\multild\lanedetection.cpp(322): warning C4101: 'var' :참조되지 않은 지역 변수입니다.
d:\project\multild\multild\lanedetection.cpp(356): warning C4101: 'r' :참조되지 않은 지역 변수입니다.
d:\project\multild\multild\lanedetection.cpp(567): warning C4267: '초기화 중': 'size_t'에서 'int'(으)로 변환하면서 데이터가 손실될 수 있습니다.
d:\project\multild\multild\lanedetection.cpp(576): warning C4267: '인수': 'size_t'에서 'int'(으)로 변환하면서 데이터가 손실될 수 있습니다.
d:\project\multild\multild\lanedetection.cpp(577): warning C4244: '=': 'double'에서 'float'(으)로 변환하면서 데이터가 손실될 수 있습니다.
d:\project\multild\multild\lanedetection.cpp(578): warning C4244: '=': 'int'에서 '_Tp'(으)로 변환하면서 데이터가 손실될 수 있습니다.
          with
          [
              _Tp=float
          ]
d:\project\multild\multild\lanedetection.cpp(579): warning C4244: '=': 'int'에서 '_Tp'(으)로 변환하면서 데이터가 손실될 수 있습니다.
          with
          [
              _Tp=float
          ]
d:\project\multild\multild\lanedetection.cpp(638): warning C4267: '초기화 중': 'size_t'에서 'int'(으)로 변환하면서 데이터가 손실될 수 있습니다.
d:\project\multild\multild\lanedetection.cpp(731): warning C4267: '초기화 중': 'size_t'에서 'int'(으)로 변환하면서 데이터가 손실될 수 있습니다.
d:\project\multild\multild\lanedetection.cpp(823): warning C4267: '초기화 중': 'size_t'에서 'int'(으)로 변환하면서 데이터가 손실될 수 있습니다.
d:\project\multild\multild\lanedetection.cpp(1018): warning C4267: '=': 'size_t'에서 'int'(으)로 변환하면서 데이터가 손실될 수 있습니다.
d:\project\multild\multild\lanedetection.cpp(1099): warning C4267: '인수': 'size_t'에서 'int'(으)로 변환하면서 데이터가 손실될 수 있습니다.
d:\project\multild\multild\lanedetection.cpp(1101): warning C4244: '초기화 중': '_Tp'에서 'int'(으)로 변환하면서 데이터가 손실될 수 있습니다.
          with
          [
              _Tp=float
          ]
d:\project\multild\multild\lanedetection.cpp(1102): warning C4244: '=': 'int'에서 '_Tp'(으)로 변환하면서 데이터가 손실될 수 있습니다.
          with
          [
              _Tp=float
          ]
d:\project\multild\multild\lanedetection.cpp(1103): warning C4244: '=': 'double'에서 '_Tp'(으)로 변환하면서 데이터가 손실될 수 있습니다.
          with
          [
              _Tp=float
          ]
d:\project\multild\multild\lanedetection.cpp(1208): warning C4244: '=': 'double'에서 'float'(으)로 변환하면서 데이터가 손실될 수 있습니다.
d:\project\multild\multild\lanedetection.cpp(1211): warning C4244: '=': 'double'에서 'float'(으)로 변환하면서 데이터가 손실될 수 있습니다.
d:\project\multild\multild\lanedetection.cpp(1304): warning C4267: '인수': 'size_t'에서 'int'(으)로 변환하면서 데이터가 손실될 수 있습니다.
d:\project\multild\multild\lanedetection.cpp(1306): warning C4244: '=': 'int'에서 '_Tp'(으)로 변환하면서 데이터가 손실될 수 있습니다.
          with
          [
              _Tp=float
          ]
d:\project\multild\multild\lanedetection.cpp(1307): warning C4244: '=': 'int'에서 '_Tp'(으)로 변환하면서 데이터가 손실될 수 있습니다.
          with
          [
              _Tp=float
          ]
d:\project\multild\multild\lanedetection.cpp(1398): warning C4244: 'return': 'double'에서 'float'(으)로 변환하면서 데이터가 손실될 수 있습니다.
d:\project\multild\multild\lanedetection.cpp(1571): warning C4244: 'return': 'double'에서 'float'(으)로 변환하면서 데이터가 손실될 수 있습니다.
d:\project\multild\multild\opencv\include\opencv2\ts\ts_gtest.h(10079): warning C4996: 'std::tr1': warning STL4002: The non-Standard std::tr1 namespace and TR1-only machinery are deprecated and will be REMOVED. You can define _SILENCE_TR1_NAMESPACE_DEPRECATION_WARNING to acknowledge that you have received this warning.
  c:\program files (x86)\microsoft visual studio\2017\community\vc\tools\msvc\14.16.27023\include\tuple(1333): note: 'std::tr1' 선언을 참조하십시오.
  d:\project\multild\multild\opencv\include\opencv2\ts\ts_gtest.h(9750): note: 컴파일 중인 함수 템플릿 인스턴스화 'void testing::internal::PrintTupleTo<std::tuple<>>(const T &,std::ostream *)'에 대한 참조를 확인하십시오.
          with
          [
              T=std::tuple<>
          ]
  main.cpp
d:\project\multild\multild\opencv\include\opencv2\gpu\gpu.hpp(1749): warning C4819: 현재 코드 페이지(949)에서 표시할 수 없는 문자가 파일에 들어 있습니다. 데이터가 손실되지 않게 하려면 해당 파일을 유니코드 형식으로 저장하십시오.
d:\project\multild\multild\opencv\include\opencv2\ts\ts_gtest.h(9749): warning C4996: 'std::tr1': warning STL4002: The non-Standard std::tr1 namespace and TR1-only machinery are deprecated and will be REMOVED. You can define _SILENCE_TR1_NAMESPACE_DEPRECATION_WARNING to acknowledge that you have received this warning.
  c:\program files (x86)\microsoft visual studio\2017\community\vc\tools\msvc\14.16.27023\include\tuple(1333): note: 'std::tr1' 선언을 참조하십시오.
d:\project\multild\multild\opencv\include\opencv2\ts\ts_gtest.h(9754): warning C4996: 'std::tr1': warning STL4002: The non-Standard std::tr1 namespace and TR1-only machinery are deprecated and will be REMOVED. You can define _SILENCE_TR1_NAMESPACE_DEPRECATION_WARNING to acknowledge that you have received this warning.
  c:\program files (x86)\microsoft visual studio\2017\community\vc\tools\msvc\14.16.27023\include\tuple(1333): note: 'std::tr1' 선언을 참조하십시오.
d:\project\multild\multild\opencv\include\opencv2\ts\ts_gtest.h(9759): warning C4996: 'std::tr1': warning STL4002: The non-Standard std::tr1 namespace and TR1-only machinery are deprecated and will be REMOVED. You can define _SILENCE_TR1_NAMESPACE_DEPRECATION_WARNING to acknowledge that you have received this warning.
  c:\program files (x86)\microsoft visual studio\2017\community\vc\tools\msvc\14.16.27023\include\tuple(1333): note: 'std::tr1' 선언을 참조하십시오.
d:\project\multild\multild\opencv\include\opencv2\ts\ts_gtest.h(9764): warning C4996: 'std::tr1': warning STL4002: The non-Standard std::tr1 namespace and TR1-only machinery are deprecated and will be REMOVED. You can define _SILENCE_TR1_NAMESPACE_DEPRECATION_WARNING to acknowledge that you have received this warning.
  c:\program files (x86)\microsoft visual studio\2017\community\vc\tools\msvc\14.16.27023\include\tuple(1333): note: 'std::tr1' 선언을 참조하십시오.
d:\project\multild\multild\opencv\include\opencv2\ts\ts_gtest.h(9769): warning C4996: 'std::tr1': warning STL4002: The non-Standard std::tr1 namespace and TR1-only machinery are deprecated and will be REMOVED. You can define _SILENCE_TR1_NAMESPACE_DEPRECATION_WARNING to acknowledge that you have received this warning.
  c:\program files (x86)\microsoft visual studio\2017\community\vc\tools\msvc\14.16.27023\include\tuple(1333): note: 'std::tr1' 선언을 참조하십시오.
d:\project\multild\multild\opencv\include\opencv2\ts\ts_gtest.h(9774): warning C4996: 'std::tr1': warning STL4002: The non-Standard std::tr1 namespace and TR1-only machinery are deprecated and will be REMOVED. You can define _SILENCE_TR1_NAMESPACE_DEPRECATION_WARNING to acknowledge that you have received this warning.
  c:\program files (x86)\microsoft visual studio\2017\community\vc\tools\msvc\14.16.27023\include\tuple(1333): note: 'std::tr1' 선언을 참조하십시오.
d:\project\multild\multild\opencv\include\opencv2\ts\ts_gtest.h(9781): warning C4996: 'std::tr1': warning STL4002: The non-Standard std::tr1 namespace and TR1-only machinery are deprecated and will be REMOVED. You can define _SILENCE_TR1_NAMESPACE_DEPRECATION_WARNING to acknowledge that you have received this warning.
  c:\program files (x86)\microsoft visual studio\2017\community\vc\tools\msvc\14.16.27023\include\tuple(1333): note: 'std::tr1' 선언을 참조하십시오.
d:\project\multild\multild\opencv\include\opencv2\ts\ts_gtest.h(9788): warning C4996: 'std::tr1': warning STL4002: The non-Standard std::tr1 namespace and TR1-only machinery are deprecated and will be REMOVED. You can define _SILENCE_TR1_NAMESPACE_DEPRECATION_WARNING to acknowledge that you have received this warning.
  c:\program files (x86)\microsoft visual studio\2017\community\vc\tools\msvc\14.16.27023\include\tuple(1333): note: 'std::tr1' 선언을 참조하십시오.
d:\project\multild\multild\opencv\include\opencv2\ts\ts_gtest.h(9795): warning C4996: 'std::tr1': warning STL4002: The non-Standard std::tr1 namespace and TR1-only machinery are deprecated and will be REMOVED. You can define _SILENCE_TR1_NAMESPACE_DEPRECATION_WARNING to acknowledge that you have received this warning.
  c:\program files (x86)\microsoft visual studio\2017\community\vc\tools\msvc\14.16.27023\include\tuple(1333): note: 'std::tr1' 선언을 참조하십시오.
d:\project\multild\multild\opencv\include\opencv2\ts\ts_gtest.h(9802): warning C4996: 'std::tr1': warning STL4002: The non-Standard std::tr1 namespace and TR1-only machinery are deprecated and will be REMOVED. You can define _SILENCE_TR1_NAMESPACE_DEPRECATION_WARNING to acknowledge that you have received this warning.
  c:\program files (x86)\microsoft visual studio\2017\community\vc\tools\msvc\14.16.27023\include\tuple(1333): note: 'std::tr1' 선언을 참조하십시오.
d:\project\multild\multild\opencv\include\opencv2\ts\ts_gtest.h(9810): warning C4996: 'std::tr1': warning STL4002: The non-Standard std::tr1 namespace and TR1-only machinery are deprecated and will be REMOVED. You can define _SILENCE_TR1_NAMESPACE_DEPRECATION_WARNING to acknowledge that you have received this warning.
  c:\program files (x86)\microsoft visual studio\2017\community\vc\tools\msvc\14.16.27023\include\tuple(1333): note: 'std::tr1' 선언을 참조하십시오.
d:\project\multild\multild\opencv\include\opencv2\ts\ts_gtest.h(10072): warning C4996: 'std::tr1': warning STL4002: The non-Standard std::tr1 namespace and TR1-only machinery are deprecated and will be REMOVED. You can define _SILENCE_TR1_NAMESPACE_DEPRECATION_WARNING to acknowledge that you have received this warning.
  c:\program files (x86)\microsoft visual studio\2017\community\vc\tools\msvc\14.16.27023\include\tuple(1333): note: 'std::tr1' 선언을 참조하십시오.
  d:\project\multild\multild\opencv\include\opencv2\ts\ts_gtest.h(10072): note: 이 진단은 컴파일러 생성 함수 'void testing::internal::TuplePrefixPrinter<1>::TersePrintPrefixToStrings(const Tuple &,testing::internal::Strings *)'에서 수행되었습니다.
d:\project\multild\multild\opencv\include\opencv2\ts\ts_gtest.h(13837): warning C4996: 'std::tr1': warning STL4002: The non-Standard std::tr1 namespace and TR1-only machinery are deprecated and will be REMOVED. You can define _SILENCE_TR1_NAMESPACE_DEPRECATION_WARNING to acknowledge that you have received this warning.
  c:\program files (x86)\microsoft visual studio\2017\community\vc\tools\msvc\14.16.27023\include\tuple(1333): note: 'std::tr1' 선언을 참조하십시오.
  d:\project\multild\multild\opencv\include\opencv2\ts\ts_gtest.h(13947): note: 컴파일 중인 클래스 템플릿 인스턴스화 'testing::internal::CartesianProductGenerator2<T1,T2>'에 대한 참조를 확인하세요.
d:\project\multild\multild\opencv\include\opencv2\ts\ts_gtest.h(13839): warning C4996: 'std::tr1': warning STL4002: The non-Standard std::tr1 namespace and TR1-only machinery are deprecated and will be REMOVED. You can define _SILENCE_TR1_NAMESPACE_DEPRECATION_WARNING to acknowledge that you have received this warning.
  c:\program files (x86)\microsoft visual studio\2017\community\vc\tools\msvc\14.16.27023\include\tuple(1333): note: 'std::tr1' 선언을 참조하십시오.
d:\project\multild\multild\opencv\include\opencv2\ts\ts_gtest.h(13952): warning C4996: 'std::tr1': warning STL4002: The non-Standard std::tr1 namespace and TR1-only machinery are deprecated and will be REMOVED. You can define _SILENCE_TR1_NAMESPACE_DEPRECATION_WARNING to acknowledge that you have received this warning.
  c:\program files (x86)\microsoft visual studio\2017\community\vc\tools\msvc\14.16.27023\include\tuple(1333): note: 'std::tr1' 선언을 참조하십시오.
  d:\project\multild\multild\opencv\include\opencv2\ts\ts_gtest.h(14079): note: 컴파일 중인 클래스 템플릿 인스턴스화 'testing::internal::CartesianProductGenerator3<T1,T2,T3>'에 대한 참조를 확인하세요.
d:\project\multild\multild\opencv\include\opencv2\ts\ts_gtest.h(13954): warning C4996: 'std::tr1': warning STL4002: The non-Standard std::tr1 namespace and TR1-only machinery are deprecated and will be REMOVED. You can define _SILENCE_TR1_NAMESPACE_DEPRECATION_WARNING to acknowledge that you have received this warning.
  c:\program files (x86)\microsoft visual studio\2017\community\vc\tools\msvc\14.16.27023\include\tuple(1333): note: 'std::tr1' 선언을 참조하십시오.
d:\project\multild\multild\opencv\include\opencv2\ts\ts_gtest.h(14084): warning C4996: 'std::tr1': warning STL4002: The non-Standard std::tr1 namespace and TR1-only machinery are deprecated and will be REMOVED. You can define _SILENCE_TR1_NAMESPACE_DEPRECATION_WARNING to acknowledge that you have received this warning.
  c:\program files (x86)\microsoft visual studio\2017\community\vc\tools\msvc\14.16.27023\include\tuple(1333): note: 'std::tr1' 선언을 참조하십시오.
  d:\project\multild\multild\opencv\include\opencv2\ts\ts_gtest.h(14230): note: 컴파일 중인 클래스 템플릿 인스턴스화 'testing::internal::CartesianProductGenerator4<T1,T2,T3,T4>'에 대한 참조를 확인하세요.
d:\project\multild\multild\opencv\include\opencv2\ts\ts_gtest.h(14086): warning C4996: 'std::tr1': warning STL4002: The non-Standard std::tr1 namespace and TR1-only machinery are deprecated and will be REMOVED. You can define _SILENCE_TR1_NAMESPACE_DEPRECATION_WARNING to acknowledge that you have received this warning.
  c:\program files (x86)\microsoft visual studio\2017\community\vc\tools\msvc\14.16.27023\include\tuple(1333): note: 'std::tr1' 선언을 참조하십시오.
d:\project\multild\multild\opencv\include\opencv2\ts\ts_gtest.h(14235): warning C4996: 'std::tr1': warning STL4002: The non-Standard std::tr1 namespace and TR1-only machinery are deprecated and will be REMOVED. You can define _SILENCE_TR1_NAMESPACE_DEPRECATION_WARNING to acknowledge that you have received this warning.
  c:\program files (x86)\microsoft visual studio\2017\community\vc\tools\msvc\14.16.27023\include\tuple(1333): note: 'std::tr1' 선언을 참조하십시오.
  d:\project\multild\multild\opencv\include\opencv2\ts\ts_gtest.h(14397): note: 컴파일 중인 클래스 템플릿 인스턴스화 'testing::internal::CartesianProductGenerator5<T1,T2,T3,T4,T5>'에 대한 참조를 확인하세요.
d:\project\multild\multild\opencv\include\opencv2\ts\ts_gtest.h(14237): warning C4996: 'std::tr1': warning STL4002: The non-Standard std::tr1 namespace and TR1-only machinery are deprecated and will be REMOVED. You can define _SILENCE_TR1_NAMESPACE_DEPRECATION_WARNING to acknowledge that you have received this warning.
  c:\program files (x86)\microsoft visual studio\2017\community\vc\tools\msvc\14.16.27023\include\tuple(1333): note: 'std::tr1' 선언을 참조하십시오.
d:\project\multild\multild\opencv\include\opencv2\ts\ts_gtest.h(14404): warning C4996: 'std::tr1': warning STL4002: The non-Standard std::tr1 namespace and TR1-only machinery are deprecated and will be REMOVED. You can define _SILENCE_TR1_NAMESPACE_DEPRECATION_WARNING to acknowledge that you have received this warning.
  c:\program files (x86)\microsoft visual studio\2017\community\vc\tools\msvc\14.16.27023\include\tuple(1333): note: 'std::tr1' 선언을 참조하십시오.
  d:\project\multild\multild\opencv\include\opencv2\ts\ts_gtest.h(14583): note: 컴파일 중인 클래스 템플릿 인스턴스화 'testing::internal::CartesianProductGenerator6<T1,T2,T3,T4,T5,T6>'에 대한 참조를 확인하세요.
d:\project\multild\multild\opencv\include\opencv2\ts\ts_gtest.h(14406): warning C4996: 'std::tr1': warning STL4002: The non-Standard std::tr1 namespace and TR1-only machinery are deprecated and will be REMOVED. You can define _SILENCE_TR1_NAMESPACE_DEPRECATION_WARNING to acknowledge that you have received this warning.
  c:\program files (x86)\microsoft visual studio\2017\community\vc\tools\msvc\14.16.27023\include\tuple(1333): note: 'std::tr1' 선언을 참조하십시오.
d:\project\multild\multild\opencv\include\opencv2\ts\ts_gtest.h(14590): warning C4996: 'std::tr1': warning STL4002: The non-Standard std::tr1 namespace and TR1-only machinery are deprecated and will be REMOVED. You can define _SILENCE_TR1_NAMESPACE_DEPRECATION_WARNING to acknowledge that you have received this warning.
  c:\program files (x86)\microsoft visual studio\2017\community\vc\tools\msvc\14.16.27023\include\tuple(1333): note: 'std::tr1' 선언을 참조하십시오.
  d:\project\multild\multild\opencv\include\opencv2\ts\ts_gtest.h(14786): note: 컴파일 중인 클래스 템플릿 인스턴스화 'testing::internal::CartesianProductGenerator7<T1,T2,T3,T4,T5,T6,T7>'에 대한 참조를 확인하세요.
d:\project\multild\multild\opencv\include\opencv2\ts\ts_gtest.h(14592): warning C4996: 'std::tr1': warning STL4002: The non-Standard std::tr1 namespace and TR1-only machinery are deprecated and will be REMOVED. You can define _SILENCE_TR1_NAMESPACE_DEPRECATION_WARNING to acknowledge that you have received this warning.
  c:\program files (x86)\microsoft visual studio\2017\community\vc\tools\msvc\14.16.27023\include\tuple(1333): note: 'std::tr1' 선언을 참조하십시오.
d:\project\multild\multild\opencv\include\opencv2\ts\ts_gtest.h(14793): warning C4996: 'std::tr1': warning STL4002: The non-Standard std::tr1 namespace and TR1-only machinery are deprecated and will be REMOVED. You can define _SILENCE_TR1_NAMESPACE_DEPRECATION_WARNING to acknowledge that you have received this warning.
  c:\program files (x86)\microsoft visual studio\2017\community\vc\tools\msvc\14.16.27023\include\tuple(1333): note: 'std::tr1' 선언을 참조하십시오.
  d:\project\multild\multild\opencv\include\opencv2\ts\ts_gtest.h(15008): note: 컴파일 중인 클래스 템플릿 인스턴스화 'testing::internal::CartesianProductGenerator8<T1,T2,T3,T4,T5,T6,T7,T8>'에 대한 참조를 확인하세요.
d:\project\multild\multild\opencv\include\opencv2\ts\ts_gtest.h(14795): warning C4996: 'std::tr1': warning STL4002: The non-Standard std::tr1 namespace and TR1-only machinery are deprecated and will be REMOVED. You can define _SILENCE_TR1_NAMESPACE_DEPRECATION_WARNING to acknowledge that you have received this warning.
  c:\program files (x86)\microsoft visual studio\2017\community\vc\tools\msvc\14.16.27023\include\tuple(1333): note: 'std::tr1' 선언을 참조하십시오.
d:\project\multild\multild\opencv\include\opencv2\ts\ts_gtest.h(15015): warning C4996: 'std::tr1': warning STL4002: The non-Standard std::tr1 namespace and TR1-only machinery are deprecated and will be REMOVED. You can define _SILENCE_TR1_NAMESPACE_DEPRECATION_WARNING to acknowledge that you have received this warning.
  c:\program files (x86)\microsoft visual studio\2017\community\vc\tools\msvc\14.16.27023\include\tuple(1333): note: 'std::tr1' 선언을 참조하십시오.
  d:\project\multild\multild\opencv\include\opencv2\ts\ts_gtest.h(15247): note: 컴파일 중인 클래스 템플릿 인스턴스화 'testing::internal::CartesianProductGenerator9<T1,T2,T3,T4,T5,T6,T7,T8,T9>'에 대한 참조를 확인하세요.
d:\project\multild\multild\opencv\include\opencv2\ts\ts_gtest.h(15017): warning C4996: 'std::tr1': warning STL4002: The non-Standard std::tr1 namespace and TR1-only machinery are deprecated and will be REMOVED. You can define _SILENCE_TR1_NAMESPACE_DEPRECATION_WARNING to acknowledge that you have received this warning.
  c:\program files (x86)\microsoft visual studio\2017\community\vc\tools\msvc\14.16.27023\include\tuple(1333): note: 'std::tr1' 선언을 참조하십시오.
d:\project\multild\multild\opencv\include\opencv2\ts\ts_gtest.h(15254): warning C4996: 'std::tr1': warning STL4002: The non-Standard std::tr1 namespace and TR1-only machinery are deprecated and will be REMOVED. You can define _SILENCE_TR1_NAMESPACE_DEPRECATION_WARNING to acknowledge that you have received this warning.
  c:\program files (x86)\microsoft visual studio\2017\community\vc\tools\msvc\14.16.27023\include\tuple(1333): note: 'std::tr1' 선언을 참조하십시오.
  d:\project\multild\multild\opencv\include\opencv2\ts\ts_gtest.h(15503): note: 컴파일 중인 클래스 템플릿 인스턴스화 'testing::internal::CartesianProductGenerator10<T1,T2,T3,T4,T5,T6,T7,T8,T9,T10>'에 대한 참조를 확인하세요.
d:\project\multild\multild\opencv\include\opencv2\ts\ts_gtest.h(15256): warning C4996: 'std::tr1': warning STL4002: The non-Standard std::tr1 namespace and TR1-only machinery are deprecated and will be REMOVED. You can define _SILENCE_TR1_NAMESPACE_DEPRECATION_WARNING to acknowledge that you have received this warning.
  c:\program files (x86)\microsoft visual studio\2017\community\vc\tools\msvc\14.16.27023\include\tuple(1333): note: 'std::tr1' 선언을 참조하십시오.
d:\project\multild\multild\opencv\include\opencv2\ts\ts_gtest.h(15518): warning C4996: 'std::tr1': warning STL4002: The non-Standard std::tr1 namespace and TR1-only machinery are deprecated and will be REMOVED. You can define _SILENCE_TR1_NAMESPACE_DEPRECATION_WARNING to acknowledge that you have received this warning.
  c:\program files (x86)\microsoft visual studio\2017\community\vc\tools\msvc\14.16.27023\include\tuple(1333): note: 'std::tr1' 선언을 참조하십시오.
  d:\project\multild\multild\opencv\include\opencv2\ts\ts_gtest.h(15531): note: 컴파일 중인 클래스 템플릿 인스턴스화 'testing::internal::CartesianProductHolder2<Generator1,Generator2>'에 대한 참조를 확인하세요.
d:\project\multild\multild\opencv\include\opencv2\ts\ts_gtest.h(15540): warning C4996: 'std::tr1': warning STL4002: The non-Standard std::tr1 namespace and TR1-only machinery are deprecated and will be REMOVED. You can define _SILENCE_TR1_NAMESPACE_DEPRECATION_WARNING to acknowledge that you have received this warning.
  c:\program files (x86)\microsoft visual studio\2017\community\vc\tools\msvc\14.16.27023\include\tuple(1333): note: 'std::tr1' 선언을 참조하십시오.
  d:\project\multild\multild\opencv\include\opencv2\ts\ts_gtest.h(15555): note: 컴파일 중인 클래스 템플릿 인스턴스화 'testing::internal::CartesianProductHolder3<Generator1,Generator2,Generator3>'에 대한 참조를 확인하세요.
d:\project\multild\multild\opencv\include\opencv2\ts\ts_gtest.h(15565): warning C4996: 'std::tr1': warning STL4002: The non-Standard std::tr1 namespace and TR1-only machinery are deprecated and will be REMOVED. You can define _SILENCE_TR1_NAMESPACE_DEPRECATION_WARNING to acknowledge that you have received this warning.
  c:\program files (x86)\microsoft visual studio\2017\community\vc\tools\msvc\14.16.27023\include\tuple(1333): note: 'std::tr1' 선언을 참조하십시오.
  d:\project\multild\multild\opencv\include\opencv2\ts\ts_gtest.h(15582): note: 컴파일 중인 클래스 템플릿 인스턴스화 'testing::internal::CartesianProductHolder4<Generator1,Generator2,Generator3,Generator4>'에 대한 참조를 확인하세요.
d:\project\multild\multild\opencv\include\opencv2\ts\ts_gtest.h(15592): warning C4996: 'std::tr1': warning STL4002: The non-Standard std::tr1 namespace and TR1-only machinery are deprecated and will be REMOVED. You can define _SILENCE_TR1_NAMESPACE_DEPRECATION_WARNING to acknowledge that you have received this warning.
  c:\program files (x86)\microsoft visual studio\2017\community\vc\tools\msvc\14.16.27023\include\tuple(1333): note: 'std::tr1' 선언을 참조하십시오.
  d:\project\multild\multild\opencv\include\opencv2\ts\ts_gtest.h(15611): note: 컴파일 중인 클래스 템플릿 인스턴스화 'testing::internal::CartesianProductHolder5<Generator1,Generator2,Generator3,Generator4,Generator5>'에 대한 참조를 확인하세요.
d:\project\multild\multild\opencv\include\opencv2\ts\ts_gtest.h(15623): warning C4996: 'std::tr1': warning STL4002: The non-Standard std::tr1 namespace and TR1-only machinery are deprecated and will be REMOVED. You can define _SILENCE_TR1_NAMESPACE_DEPRECATION_WARNING to acknowledge that you have received this warning.
  c:\program files (x86)\microsoft visual studio\2017\community\vc\tools\msvc\14.16.27023\include\tuple(1333): note: 'std::tr1' 선언을 참조하십시오.
  d:\project\multild\multild\opencv\include\opencv2\ts\ts_gtest.h(15644): note: 컴파일 중인 클래스 템플릿 인스턴스화 'testing::internal::CartesianProductHolder6<Generator1,Generator2,Generator3,Generator4,Generator5,Generator6>'에 대한 참조를 확인하세요.
d:\project\multild\multild\opencv\include\opencv2\ts\ts_gtest.h(15657): warning C4996: 'std::tr1': warning STL4002: The non-Standard std::tr1 namespace and TR1-only machinery are deprecated and will be REMOVED. You can define _SILENCE_TR1_NAMESPACE_DEPRECATION_WARNING to acknowledge that you have received this warning.
  c:\program files (x86)\microsoft visual studio\2017\community\vc\tools\msvc\14.16.27023\include\tuple(1333): note: 'std::tr1' 선언을 참조하십시오.
  d:\project\multild\multild\opencv\include\opencv2\ts\ts_gtest.h(15680): note: 컴파일 중인 클래스 템플릿 인스턴스화 'testing::internal::CartesianProductHolder7<Generator1,Generator2,Generator3,Generator4,Generator5,Generator6,Generator7>'에 대한 참조를 확인하세요.
d:\project\multild\multild\opencv\include\opencv2\ts\ts_gtest.h(15695): warning C4996: 'std::tr1': warning STL4002: The non-Standard std::tr1 namespace and TR1-only machinery are deprecated and will be REMOVED. You can define _SILENCE_TR1_NAMESPACE_DEPRECATION_WARNING to acknowledge that you have received this warning.
  c:\program files (x86)\microsoft visual studio\2017\community\vc\tools\msvc\14.16.27023\include\tuple(1333): note: 'std::tr1' 선언을 참조하십시오.
  d:\project\multild\multild\opencv\include\opencv2\ts\ts_gtest.h(15720): note: 컴파일 중인 클래스 템플릿 인스턴스화 'testing::internal::CartesianProductHolder8<Generator1,Generator2,Generator3,Generator4,Generator5,Generator6,Generator7,Generator8>'에 대한 참조를 확인하세요.
d:\project\multild\multild\opencv\include\opencv2\ts\ts_gtest.h(15736): warning C4996: 'std::tr1': warning STL4002: The non-Standard std::tr1 namespace and TR1-only machinery are deprecated and will be REMOVED. You can define _SILENCE_TR1_NAMESPACE_DEPRECATION_WARNING to acknowledge that you have received this warning.
  c:\program files (x86)\microsoft visual studio\2017\community\vc\tools\msvc\14.16.27023\include\tuple(1333): note: 'std::tr1' 선언을 참조하십시오.
  d:\project\multild\multild\opencv\include\opencv2\ts\ts_gtest.h(15764): note: 컴파일 중인 클래스 템플릿 인스턴스화 'testing::internal::CartesianProductHolder9<Generator1,Generator2,Generator3,Generator4,Generator5,Generator6,Generator7,Generator8,Generator9>'에 대한 참조를 확인하세요.
d:\project\multild\multild\opencv\include\opencv2\ts\ts_gtest.h(15780): warning C4996: 'std::tr1': warning STL4002: The non-Standard std::tr1 namespace and TR1-only machinery are deprecated and will be REMOVED. You can define _SILENCE_TR1_NAMESPACE_DEPRECATION_WARNING to acknowledge that you have received this warning.
  c:\program files (x86)\microsoft visual studio\2017\community\vc\tools\msvc\14.16.27023\include\tuple(1333): note: 'std::tr1' 선언을 참조하십시오.
  d:\project\multild\multild\opencv\include\opencv2\ts\ts_gtest.h(15811): note: 컴파일 중인 클래스 템플릿 인스턴스화 'testing::internal::CartesianProductHolder10<Generator1,Generator2,Generator3,Generator4,Generator5,Generator6,Generator7,Generator8,Generator9,Generator10>'에 대한 참조를 확인하세요.
d:\project\multild\multild\opencv\include\opencv2\ts\ts_perf.hpp(419): warning C4996: 'std::tr1': warning STL4002: The non-Standard std::tr1 namespace and TR1-only machinery are deprecated and will be REMOVED. You can define _SILENCE_TR1_NAMESPACE_DEPRECATION_WARNING to acknowledge that you have received this warning.
  c:\program files (x86)\microsoft visual studio\2017\community\vc\tools\msvc\14.16.27023\include\tuple(1333): note: 'std::tr1' 선언을 참조하십시오.
d:\project\multild\multild\opencv\include\opencv2\stitching\detail\motion_estimators.hpp : warning C4819: 현재 코드 페이지(949)에서 표시할 수 없는 문자가 파일에 들어 있습니다. 데이터가 손실되지 않게 하려면 해당 파일을 유니코드 형식으로 저장하십시오.
d:\project\multild\multild\opencv\include\opencv2\ts\ts_gtest.h(10079): warning C4996: 'std::tr1': warning STL4002: The non-Standard std::tr1 namespace and TR1-only machinery are deprecated and will be REMOVED. You can define _SILENCE_TR1_NAMESPACE_DEPRECATION_WARNING to acknowledge that you have received this warning.
  c:\program files (x86)\microsoft visual studio\2017\community\vc\tools\msvc\14.16.27023\include\tuple(1333): note: 'std::tr1' 선언을 참조하십시오.
  d:\project\multild\multild\opencv\include\opencv2\ts\ts_gtest.h(9750): note: 컴파일 중인 함수 템플릿 인스턴스화 'void testing::internal::PrintTupleTo<std::tuple<>>(const T &,std::ostream *)'에 대한 참조를 확인하십시오.
          with
          [
              T=std::tuple<>
          ]
  코드를 생성하고 있습니다...
  MultiLD.vcxproj -> D:\Project\MultiLD\x64\Debug\MultiLD.exe
